This is pdfTeX, Version 3.141592653-2.6-1.40.26 (TeX Live 2024) (preloaded format=pdflatex 2024.9.5)  2 MAY 2025 00:54
entering extended mode
 restricted \write18 enabled.
 file:line:error style messages enabled.
 %&-line parsing enabled.
**paper.tex
(./paper.tex
LaTeX2e <2023-11-01> patch level 1
L3 programming layer <2024-02-20>
(/usr/local/texlive/2024/texmf-dist/tex/latex/base/article.cls
Document Class: article 2023/05/17 v1.4n Standard LaTeX document class
(/usr/local/texlive/2024/texmf-dist/tex/latex/base/size11.clo
File: size11.clo 2023/05/17 v1.4n Standard LaTeX file (size option)
)
\c@part=\count188
\c@section=\count189
\c@subsection=\count190
\c@subsubsection=\count191
\c@paragraph=\count192
\c@subparagraph=\count193
\c@figure=\count194
\c@table=\count195
\abovecaptionskip=\skip48
\belowcaptionskip=\skip49
\bibindent=\dimen140
) (./acl.sty
Conference Style for ACL
(/usr/local/texlive/2024/texmf-dist/tex/latex/xcolor/xcolor.sty
Package: xcolor 2023/11/15 v3.01 LaTeX color extensions (UK)

(/usr/local/texlive/2024/texmf-dist/tex/latex/graphics-cfg/color.cfg
File: color.cfg 2016/01/02 v1.6 sample color configuration
)
Package xcolor Info: Driver file: pdftex.def on input line 274.

(/usr/local/texlive/2024/texmf-dist/tex/latex/graphics-def/pdftex.def
File: pdftex.def 2022/09/22 v1.2b Graphics/color driver for pdftex
)
(/usr/local/texlive/2024/texmf-dist/tex/latex/graphics/mathcolor.ltx)
Package xcolor Info: Model `cmy' substituted by `cmy0' on input line 1350.
Package xcolor Info: Model `hsb' substituted by `rgb' on input line 1354.
Package xcolor Info: Model `RGB' extended on input line 1366.
Package xcolor Info: Model `HTML' substituted by `rgb' on input line 1368.
Package xcolor Info: Model `Hsb' substituted by `hsb' on input line 1369.
Package xcolor Info: Model `tHsb' substituted by `hsb' on input line 1370.
Package xcolor Info: Model `HSB' substituted by `hsb' on input line 1371.
Package xcolor Info: Model `Gray' substituted by `gray' on input line 1372.
Package xcolor Info: Model `wave' substituted by `hsb' on input line 1373.
)
(/usr/local/texlive/2024/texmf-dist/tex/latex/geometry/geometry.sty
Package: geometry 2020/01/02 v5.9 Page Geometry

(/usr/local/texlive/2024/texmf-dist/tex/latex/graphics/keyval.sty
Package: keyval 2022/05/29 v1.15 key=value parser (DPC)
\KV@toks@=\toks17
)
(/usr/local/texlive/2024/texmf-dist/tex/generic/iftex/ifvtex.sty
Package: ifvtex 2019/10/25 v1.7 ifvtex legacy package. Use iftex instead.

(/usr/local/texlive/2024/texmf-dist/tex/generic/iftex/iftex.sty
Package: iftex 2022/02/03 v1.0f TeX engine tests
))
\Gm@cnth=\count196
\Gm@cntv=\count197
\c@Gm@tempcnt=\count198
\Gm@bindingoffset=\dimen141
\Gm@wd@mp=\dimen142
\Gm@odd@mp=\dimen143
\Gm@even@mp=\dimen144
\Gm@layoutwidth=\dimen145
\Gm@layoutheight=\dimen146
\Gm@layouthoffset=\dimen147
\Gm@layoutvoffset=\dimen148
\Gm@dimlist=\toks18
)
\titlebox=\skip50

(/usr/local/texlive/2024/texmf-dist/tex/latex/caption/caption.sty
Package: caption 2023/08/05 v3.6o Customizing captions (AR)

(/usr/local/texlive/2024/texmf-dist/tex/latex/caption/caption3.sty
Package: caption3 2023/07/31 v2.4d caption3 kernel (AR)
\caption@tempdima=\dimen149
\captionmargin=\dimen150
\caption@leftmargin=\dimen151
\caption@rightmargin=\dimen152
\caption@width=\dimen153
\caption@indent=\dimen154
\caption@parindent=\dimen155
\caption@hangindent=\dimen156
Package caption Info: Standard document class detected.
)
\c@caption@flags=\count199
\c@continuedfloat=\count266
)
(/usr/local/texlive/2024/texmf-dist/tex/latex/natbib/natbib.sty
Package: natbib 2010/09/13 8.31b (PWD, AO)
\bibhang=\skip51
\bibsep=\skip52
LaTeX Info: Redefining \cite on input line 694.
\c@NAT@ctr=\count267
)
(/usr/local/texlive/2024/texmf-dist/tex/latex/hyperref/hyperref.sty
Package: hyperref 2024-01-20 v7.01h Hypertext links for LaTeX

(/usr/local/texlive/2024/texmf-dist/tex/latex/kvsetkeys/kvsetkeys.sty
Package: kvsetkeys 2022-10-05 v1.19 Key value parser (HO)
)
(/usr/local/texlive/2024/texmf-dist/tex/generic/kvdefinekeys/kvdefinekeys.sty
Package: kvdefinekeys 2019-12-19 v1.6 Define keys (HO)
)
(/usr/local/texlive/2024/texmf-dist/tex/generic/pdfescape/pdfescape.sty
Package: pdfescape 2019/12/09 v1.15 Implements pdfTeX's escape features (HO)

(/usr/local/texlive/2024/texmf-dist/tex/generic/ltxcmds/ltxcmds.sty
Package: ltxcmds 2023-12-04 v1.26 LaTeX kernel commands for general use (HO)
)
(/usr/local/texlive/2024/texmf-dist/tex/generic/pdftexcmds/pdftexcmds.sty
Package: pdftexcmds 2020-06-27 v0.33 Utility functions of pdfTeX for LuaTeX (HO
)

(/usr/local/texlive/2024/texmf-dist/tex/generic/infwarerr/infwarerr.sty
Package: infwarerr 2019/12/03 v1.5 Providing info/warning/error messages (HO)
)
Package pdftexcmds Info: \pdf@primitive is available.
Package pdftexcmds Info: \pdf@ifprimitive is available.
Package pdftexcmds Info: \pdfdraftmode found.
))
(/usr/local/texlive/2024/texmf-dist/tex/latex/hycolor/hycolor.sty
Package: hycolor 2020-01-27 v1.10 Color options for hyperref/bookmark (HO)
)
(/usr/local/texlive/2024/texmf-dist/tex/latex/auxhook/auxhook.sty
Package: auxhook 2019-12-17 v1.6 Hooks for auxiliary files (HO)
)
(/usr/local/texlive/2024/texmf-dist/tex/latex/hyperref/nameref.sty
Package: nameref 2023-11-26 v2.56 Cross-referencing by name of section

(/usr/local/texlive/2024/texmf-dist/tex/latex/refcount/refcount.sty
Package: refcount 2019/12/15 v3.6 Data extraction from label references (HO)
)
(/usr/local/texlive/2024/texmf-dist/tex/generic/gettitlestring/gettitlestring.s
ty
Package: gettitlestring 2019/12/15 v1.6 Cleanup title references (HO)
 (/usr/local/texlive/2024/texmf-dist/tex/latex/kvoptions/kvoptions.sty
Package: kvoptions 2022-06-15 v3.15 Key value format for package options (HO)
))
\c@section@level=\count268
)
(/usr/local/texlive/2024/texmf-dist/tex/latex/etoolbox/etoolbox.sty
Package: etoolbox 2020/10/05 v2.5k e-TeX tools for LaTeX (JAW)
\etb@tempcnta=\count269
)
\@linkdim=\dimen157
\Hy@linkcounter=\count270
\Hy@pagecounter=\count271

(/usr/local/texlive/2024/texmf-dist/tex/latex/hyperref/pd1enc.def
File: pd1enc.def 2024-01-20 v7.01h Hyperref: PDFDocEncoding definition (HO)
Now handling font encoding PD1 ...
... no UTF-8 mapping file for font encoding PD1
)
(/usr/local/texlive/2024/texmf-dist/tex/generic/intcalc/intcalc.sty
Package: intcalc 2019/12/15 v1.3 Expandable calculations with integers (HO)
)
\Hy@SavedSpaceFactor=\count272

(/usr/local/texlive/2024/texmf-dist/tex/latex/hyperref/puenc.def
File: puenc.def 2024-01-20 v7.01h Hyperref: PDF Unicode definition (HO)
Now handling font encoding PU ...
... no UTF-8 mapping file for font encoding PU
)
Package hyperref Info: Option `breaklinks' set `true' on input line 4062.
Package hyperref Info: Hyper figures OFF on input line 4179.
Package hyperref Info: Link nesting OFF on input line 4184.
Package hyperref Info: Hyper index ON on input line 4187.
Package hyperref Info: Plain pages OFF on input line 4194.
Package hyperref Info: Backreferencing OFF on input line 4199.
Package hyperref Info: Implicit mode ON; LaTeX internals redefined.
Package hyperref Info: Bookmarks ON on input line 4446.
\c@Hy@tempcnt=\count273

(/usr/local/texlive/2024/texmf-dist/tex/latex/url/url.sty
\Urlmuskip=\muskip16
Package: url 2013/09/16  ver 3.4  Verb mode for urls, etc.
)
LaTeX Info: Redefining \url on input line 4784.
\XeTeXLinkMargin=\dimen158

(/usr/local/texlive/2024/texmf-dist/tex/generic/bitset/bitset.sty
Package: bitset 2019/12/09 v1.3 Handle bit-vector datatype (HO)

(/usr/local/texlive/2024/texmf-dist/tex/generic/bigintcalc/bigintcalc.sty
Package: bigintcalc 2019/12/15 v1.5 Expandable calculations on big integers (HO
)
))
\Fld@menulength=\count274
\Field@Width=\dimen159
\Fld@charsize=\dimen160
Package hyperref Info: Hyper figures OFF on input line 6063.
Package hyperref Info: Link nesting OFF on input line 6068.
Package hyperref Info: Hyper index ON on input line 6071.
Package hyperref Info: backreferencing OFF on input line 6078.
Package hyperref Info: Link coloring OFF on input line 6083.
Package hyperref Info: Link coloring with OCG OFF on input line 6088.
Package hyperref Info: PDF/A mode OFF on input line 6093.

(/usr/local/texlive/2024/texmf-dist/tex/latex/base/atbegshi-ltx.sty
Package: atbegshi-ltx 2021/01/10 v1.0c Emulation of the original atbegshi
package with kernel methods
)
\Hy@abspage=\count275
\c@Item=\count276
\c@Hfootnote=\count277
)
Package hyperref Info: Driver (autodetected): hpdftex.

(/usr/local/texlive/2024/texmf-dist/tex/latex/hyperref/hpdftex.def
File: hpdftex.def 2024-01-20 v7.01h Hyperref driver for pdfTeX

(/usr/local/texlive/2024/texmf-dist/tex/latex/base/atveryend-ltx.sty
Package: atveryend-ltx 2020/08/19 v1.0a Emulation of the original atveryend pac
kage
with kernel methods
)
\Fld@listcount=\count278
\c@bookmark@seq@number=\count279

(/usr/local/texlive/2024/texmf-dist/tex/latex/rerunfilecheck/rerunfilecheck.sty
Package: rerunfilecheck 2022-07-10 v1.10 Rerun checks for auxiliary files (HO)

(/usr/local/texlive/2024/texmf-dist/tex/generic/uniquecounter/uniquecounter.sty
Package: uniquecounter 2019/12/15 v1.4 Provide unlimited unique counter (HO)
)
Package uniquecounter Info: New unique counter `rerunfilecheck' on input line 2
85.
)
\Hy@SectionHShift=\skip53
)
Package hyperref Info: Option `colorlinks' set `true' on input line 305.
) (/usr/local/texlive/2024/texmf-dist/tex/latex/psnfss/times.sty
Package: times 2020/03/25 PSNFSS-v9.3 (SPQR) 
)
(/usr/local/texlive/2024/texmf-dist/tex/latex/base/latexsym.sty
Package: latexsym 1998/08/17 v2.2e Standard LaTeX package (lasy symbols)
\symlasy=\mathgroup4
LaTeX Font Info:    Overwriting symbol font `lasy' in version `bold'
(Font)                  U/lasy/m/n --> U/lasy/b/n on input line 52.
)
(/usr/local/texlive/2024/texmf-dist/tex/latex/base/fontenc.sty
Package: fontenc 2021/04/29 v2.0v Standard LaTeX package
LaTeX Font Info:    Trying to load font information for T1+ptm on input line 11
2.

(/usr/local/texlive/2024/texmf-dist/tex/latex/psnfss/t1ptm.fd
File: t1ptm.fd 2001/06/04 font definitions for T1/ptm.
))
(/usr/local/texlive/2024/texmf-dist/tex/latex/base/inputenc.sty
Package: inputenc 2021/02/14 v1.3d Input encoding file
\inpenc@prehook=\toks19
\inpenc@posthook=\toks20
)
(/usr/local/texlive/2024/texmf-dist/tex/latex/microtype/microtype.sty
Package: microtype 2023/03/13 v3.1a Micro-typographical refinements (RS)
\MT@toks=\toks21
\MT@tempbox=\box51
\MT@count=\count280
LaTeX Info: Redefining \noprotrusionifhmode on input line 1059.
LaTeX Info: Redefining \leftprotrusion on input line 1060.
\MT@prot@toks=\toks22
LaTeX Info: Redefining \rightprotrusion on input line 1078.
LaTeX Info: Redefining \textls on input line 1368.
\MT@outer@kern=\dimen161
LaTeX Info: Redefining \textmicrotypecontext on input line 1988.
\MT@listname@count=\count281

(/usr/local/texlive/2024/texmf-dist/tex/latex/microtype/microtype-pdftex.def
File: microtype-pdftex.def 2023/03/13 v3.1a Definitions specific to pdftex (RS)

LaTeX Info: Redefining \lsstyle on input line 902.
LaTeX Info: Redefining \lslig on input line 902.
\MT@outer@space=\skip54
)
Package microtype Info: Loading configuration file microtype.cfg.

(/usr/local/texlive/2024/texmf-dist/tex/latex/microtype/microtype.cfg
File: microtype.cfg 2023/03/13 v3.1a microtype main configuration file (RS)
))
(/usr/local/texlive/2024/texmf-dist/tex/latex/inconsolata/inconsolata.sty
Package: inconsolata 2019/05/17 v1.12

`inconsolata-zi4' v1.12, 2019/05/17 Text macros for Inconsolata (msharpe)
(/usr/local/texlive/2024/texmf-dist/tex/latex/base/textcomp.sty
Package: textcomp 2020/02/02 v2.0n Standard LaTeX package
)
(/usr/local/texlive/2024/texmf-dist/tex/latex/xkeyval/xkeyval.sty
Package: xkeyval 2022/06/16 v2.9 package option processing (HA)

(/usr/local/texlive/2024/texmf-dist/tex/generic/xkeyval/xkeyval.tex
(/usr/local/texlive/2024/texmf-dist/tex/generic/xkeyval/xkvutils.tex
\XKV@toks=\toks23
\XKV@tempa@toks=\toks24
)
\XKV@depth=\count282
File: xkeyval.tex 2014/12/03 v2.7a key=value parser (HA)
))
\zifour@ocount=\count283
)
(/usr/local/texlive/2024/texmf-dist/tex/latex/booktabs/booktabs.sty
Package: booktabs 2020/01/12 v1.61803398 Publication quality tables
\heavyrulewidth=\dimen162
\lightrulewidth=\dimen163
\cmidrulewidth=\dimen164
\belowrulesep=\dimen165
\belowbottomsep=\dimen166
\aboverulesep=\dimen167
\abovetopsep=\dimen168
\cmidrulesep=\dimen169
\cmidrulekern=\dimen170
\defaultaddspace=\dimen171
\@cmidla=\count284
\@cmidlb=\count285
\@aboverulesep=\dimen172
\@belowrulesep=\dimen173
\@thisruleclass=\count286
\@lastruleclass=\count287
\@thisrulewidth=\dimen174
)
(/usr/local/texlive/2024/texmf-dist/tex/latex/graphics/graphicx.sty
Package: graphicx 2021/09/16 v1.2d Enhanced LaTeX Graphics (DPC,SPQR)

(/usr/local/texlive/2024/texmf-dist/tex/latex/graphics/graphics.sty
Package: graphics 2022/03/10 v1.4e Standard LaTeX Graphics (DPC,SPQR)

(/usr/local/texlive/2024/texmf-dist/tex/latex/graphics/trig.sty
Package: trig 2021/08/11 v1.11 sin cos tan (DPC)
)
(/usr/local/texlive/2024/texmf-dist/tex/latex/graphics-cfg/graphics.cfg
File: graphics.cfg 2016/06/04 v1.11 sample graphics configuration
)
Package graphics Info: Driver file: pdftex.def on input line 107.
)
\Gin@req@height=\dimen175
\Gin@req@width=\dimen176
)
(/usr/local/texlive/2024/texmf-dist/tex/latex/l3backend/l3backend-pdftex.def
File: l3backend-pdftex.def 2024-02-20 L3 backend support: PDF output (pdfTeX)
\l__color_backend_stack_int=\count288
\l__pdf_internal_box=\box52
)
(./paper.aux)
\openout1 = `paper.aux'.

LaTeX Font Info:    Checking defaults for OML/cmm/m/it on input line 48.
LaTeX Font Info:    ... okay on input line 48.
LaTeX Font Info:    Checking defaults for OMS/cmsy/m/n on input line 48.
LaTeX Font Info:    ... okay on input line 48.
LaTeX Font Info:    Checking defaults for OT1/cmr/m/n on input line 48.
LaTeX Font Info:    ... okay on input line 48.
LaTeX Font Info:    Checking defaults for T1/cmr/m/n on input line 48.
LaTeX Font Info:    ... okay on input line 48.
LaTeX Font Info:    Checking defaults for TS1/cmr/m/n on input line 48.
LaTeX Font Info:    ... okay on input line 48.
LaTeX Font Info:    Checking defaults for OMX/cmex/m/n on input line 48.
LaTeX Font Info:    ... okay on input line 48.
LaTeX Font Info:    Checking defaults for U/cmr/m/n on input line 48.
LaTeX Font Info:    ... okay on input line 48.
LaTeX Font Info:    Checking defaults for PD1/pdf/m/n on input line 48.
LaTeX Font Info:    ... okay on input line 48.
LaTeX Font Info:    Checking defaults for PU/pdf/m/n on input line 48.
LaTeX Font Info:    ... okay on input line 48.

(/usr/local/texlive/2024/texmf-dist/tex/context/base/mkii/supp-pdf.mkii
[Loading MPS to PDF converter (version 2006.09.02).]
\scratchcounter=\count289
\scratchdimen=\dimen177
\scratchbox=\box53
\nofMPsegments=\count290
\nofMParguments=\count291
\everyMPshowfont=\toks25
\MPscratchCnt=\count292
\MPscratchDim=\dimen178
\MPnumerator=\count293
\makeMPintoPDFobject=\count294
\everyMPtoPDFconversion=\toks26
) (/usr/local/texlive/2024/texmf-dist/tex/latex/epstopdf-pkg/epstopdf-base.sty
Package: epstopdf-base 2020-01-24 v2.11 Base part for package epstopdf
Package epstopdf-base Info: Redefining graphics rule for `.eps' on input line 4
85.

(/usr/local/texlive/2024/texmf-dist/tex/latex/latexconfig/epstopdf-sys.cfg
File: epstopdf-sys.cfg 2010/07/13 v1.3 Configuration of (r)epstopdf for TeX Liv
e
))
*geometry* driver: auto-detecting
*geometry* detected driver: pdftex
*geometry* verbose mode - [ preamble ] result:
* driver: pdftex
* paper: a4paper
* layout: <same size as paper>
* layoutoffset:(h,v)=(0.0pt,0.0pt)
* modes: heightrounded 
* h-part:(L,W,R)=(71.13188pt, 455.24411pt, 71.13188pt)
* v-part:(T,H,B)=(71.13188pt, 702.78308pt, 71.13188pt)
* \paperwidth=597.50787pt
* \paperheight=845.04684pt
* \textwidth=455.24411pt
* \textheight=704.60031pt
* \oddsidemargin=-1.1381pt
* \evensidemargin=-1.1381pt
* \topmargin=-38.1381pt
* \headheight=12.0pt
* \headsep=25.0pt
* \topskip=11.0pt
* \footskip=30.0pt
* \marginparwidth=59.0pt
* \marginparsep=10.0pt
* \columnsep=17.07182pt
* \skip\footins=9.0pt plus 4.0pt minus 2.0pt
* \hoffset=0.0pt
* \voffset=0.0pt
* \mag=1000
* \@twocolumntrue
* \@twosidefalse
* \@mparswitchfalse
* \@reversemarginfalse
* (1in=72.27pt=25.4mm, 1cm=28.453pt)

Package caption Info: Begin \AtBeginDocument code.
Package caption Info: hyperref package is loaded.
Package caption Info: End \AtBeginDocument code.
Package hyperref Info: Link coloring ON on input line 48.
(./paper.out) (./paper.out)
\@outlinefile=\write3
\openout3 = `paper.out'.

LaTeX Info: Redefining \microtypecontext on input line 48.
Package microtype Info: Applying patch `item' on input line 48.
Package microtype Info: Applying patch `toc' on input line 48.
Package microtype Info: Applying patch `eqnum' on input line 48.
Package microtype Info: Applying patch `footnote' on input line 48.
Package microtype Info: Applying patch `verbatim' on input line 48.
Package microtype Info: Generating PDF output.
Package microtype Info: Character protrusion enabled (level 2).
Package microtype Info: Using default protrusion set `alltext'.
Package microtype Info: Automatic font expansion enabled (level 2),
(microtype)             stretch: 20, shrink: 20, step: 1, non-selected.
Package microtype Info: Using default expansion set `alltext-nott'.
LaTeX Info: Redefining \showhyphens on input line 48.
Package microtype Info: No adjustment of tracking.
Package microtype Info: No adjustment of interword spacing.
Package microtype Info: No adjustment of character kerning.

(/usr/local/texlive/2024/texmf-dist/tex/latex/microtype/mt-ptm.cfg
File: mt-ptm.cfg 2006/04/20 v1.7 microtype config. file: Times (RS)
)
(/usr/local/texlive/2024/texmf-dist/tex/latex/upquote/upquote.sty
Package: upquote 2012/04/19 v1.3 upright-quote and grave-accent glyphs in verba
tim
)
(/usr/local/texlive/2024/texmf-dist/tex/latex/microtype/mt-cmr.cfg
File: mt-cmr.cfg 2013/05/19 v2.2 microtype config. file: Computer Modern Roman 
(RS)
)
LaTeX Font Info:    External font `cmex10' loaded for size
(Font)              <12> on input line 49.
LaTeX Font Info:    External font `cmex10' loaded for size
(Font)              <8> on input line 49.
LaTeX Font Info:    External font `cmex10' loaded for size
(Font)              <6> on input line 49.
LaTeX Font Info:    Trying to load font information for U+lasy on input line 49
.

(/usr/local/texlive/2024/texmf-dist/tex/latex/base/ulasy.fd
File: ulasy.fd 1998/08/17 v2.2e LaTeX symbol font definitions
)
LaTeX Font Info:    Trying to load font information for T1+zi4 on input line 49
.

(/usr/local/texlive/2024/texmf-dist/tex/latex/inconsolata/t1zi4.fd
File: t1zi4.fd 2018/01/14 T1/zi4 (Inconsolata)
)
LaTeX Font Info:    Font shape `T1/zi4/m/n' will be
(Font)              scaled to size 12.0pt on input line 49.
Package microtype Info: Loading generic protrusion settings for font family
(microtype)             `zi4' (encoding: T1).
(microtype)             For optimal results, create family-specific settings.
(microtype)             See the microtype manual for details.
LaTeX Font Info:    Font shape `T1/zi4/m/n' will be
(Font)              scaled to size 10.0pt on input line 51.
LaTeX Font Info:    Font shape `T1/zi4/m/n' will be
(Font)              scaled to size 10.95pt on input line 56.

Underfull \hbox (badness 10000) in paragraph at lines 55--59

 []


Underfull \hbox (badness 10000) in paragraph at lines 55--59
\T1/ptm/m/n/10.95 (+20) Although many pre-trained text-to-emotion
 []


Underfull \hbox (badness 1515) in paragraph at lines 55--59
\T1/ptm/m/n/10.95 (+20) Emo-tion Clas-si-fier (EEC). It was trained on
 []


Underfull \hbox (badness 1867) in paragraph at lines 55--59
\T1/ptm/m/n/10.95 (+20) the \T1/zi4/m/n/10.95 Twitter Emotion Corpus (TEC) \T1/
ptm/m/n/10.95 (+20) and
 []


Underfull \hbox (badness 1057) in paragraph at lines 55--59
\T1/ptm/m/n/10.95 (+20) sup-ple-men-tary la-beled data found on GitHub
 []


Underfull \hbox (badness 10000) in paragraph at lines 55--59

 []


Underfull \hbox (badness 1509) in paragraph at lines 55--59
\T1/ptm/m/n/10.95 (+20) The first sec-tion of this pa-per de-scribes the
 []


Underfull \hbox (badness 2035) in paragraph at lines 55--59
\T1/ptm/m/n/10.95 (+20) the per-for-mance of our model, fo-cus-ing on
 []


Underfull \hbox (badness 10000) in paragraph at lines 55--59

 []


Underfull \hbox (badness 7433) in paragraph at lines 55--59
\T1/ptm/m/n/10.95 (+20) It was found that hap-pi-ness and sad-ness
 []

LaTeX Font Info:    External font `cmex10' loaded for size
(Font)              <10.95> on input line 68.

Underfull \hbox (badness 10000) in paragraph at lines 61--88

 []


Underfull \hbox (badness 10000) in paragraph at lines 61--88

 []


Underfull \hbox (badness 3219) in paragraph at lines 61--88
\T1/ptm/m/n/10.95 (+20) Several steps were taken to pre-pro-cess the
 []


Underfull \hbox (badness 1496) in paragraph at lines 61--88
\T1/ptm/m/n/10.95 (+20) in the re-view text were con-verted into their
 []


Underfull \hbox (badness 10000) in paragraph at lines 61--88

 []

[1{/usr/local/texlive/2024/texmf-var/fonts/map/pdftex/updmap/pdftex.map}{/usr/l
ocal/texlive/2024/texmf-dist/fonts/enc/dvips/base/8r.enc}{/usr/local/texlive/20
24/texmf-dist/fonts/enc/dvips/inconsolata/i4-t1-0.enc}



]
Underfull \hbox (badness 10000) in paragraph at lines 89--109

 []


LaTeX Warning: Hyper reference `tab:combinedl_emotion_label_distribution' on pa
ge 2 undefined on input line 110.

<images/baseline_emotion_confusion_matrix_combined.png, id=108, 578.16pt x 433.
62pt>
File: images/baseline_emotion_confusion_matrix_combined.png Graphic file (type 
png)
<use images/baseline_emotion_confusion_matrix_combined.png>
Package pdftex.def Info: images/baseline_emotion_confusion_matrix_combined.png 
 used on input line 155.
(pdftex.def)             Requested size: 204.85846pt x 153.64174pt.

Underfull \hbox (badness 10000) in paragraph at lines 131--159

 []


Underfull \hbox (badness 1377) in paragraph at lines 131--159
\T1/ptm/m/n/10.95 (+20) The pre-ci-sion, re-call, and F1-score for each
 []


Underfull \hbox (badness 1057) in paragraph at lines 131--159
\T1/ptm/m/n/10.95 (+20) and sad-ness had F1-scores greater than 0.50,
 []


Underfull \hbox (badness 10000) in paragraph at lines 131--159

 []


Underfull \hbox (badness 1107) in paragraph at lines 131--159
\T1/ptm/m/n/10.95 (+20) The fail-ures of the base-line model were fur-
 []


Underfull \hbox (badness 2469) in paragraph at lines 131--159
\T1/ptm/m/n/10.95 (+20) ther in-ves-ti-gated us-ing the con-fu-sion ma-trix
 []


Underfull \vbox (badness 1472) has occurred while \output is active []

 [2]

LaTeX Warning: `h' float specifier changed to `ht'.

<images/eec_architecture.png, id=118, 376.40625pt x 472.76625pt>
File: images/eec_architecture.png Graphic file (type png)
<use images/eec_architecture.png>
Package pdftex.def Info: images/eec_architecture.png  used on input line 166.
(pdftex.def)             Requested size: 150.23138pt x 188.69196pt.

Underfull \hbox (badness 3029) in paragraph at lines 162--171
\T1/ptm/m/n/10.95 (+20) A cus-tom feed-forward neu-ral net-work was
 []


Underfull \hbox (badness 10000) in paragraph at lines 162--171

 []


Underfull \hbox (badness 10000) in paragraph at lines 162--171
\T1/ptm/m/n/10.95 (+20) Experiments were con-ducted vary-ing both
 []


Underfull \vbox (badness 1383) has occurred while \output is active []

 [3 <./images/baseline_emotion_confusion_matrix_combined.png> <./images/eec_arc
hitecture.png>]
Underfull \hbox (badness 10000) in paragraph at lines 172--176

 []


Overfull \hbox (7.39119pt too wide) in paragraph at lines 172--176
\T1/ptm/m/n/10.95 (-20) The \T1/zi4/m/n/10.95 sentence-transformers/all-MiniLM-
L6-v2
 []


Underfull \hbox (badness 10000) in paragraph at lines 172--176
\T1/ptm/m/n/10.95 (+20) dimensional vec-tor that cap-tures se-man-tic
 []


Underfull \hbox (badness 10000) in paragraph at lines 172--176

 []


Underfull \hbox (badness 10000) in paragraph at lines 172--176
\T1/ptm/m/n/10.95 (+20) The \T1/zi4/m/n/10.95 moka-ai/m3e-base \T1/ptm/m/n/10.9
5 (+20) em-bed-ding model
 []


Underfull \hbox (badness 1221) in paragraph at lines 172--176
\T1/ptm/m/n/10.95 (+20) en-codes 768-dimensional vec-tors, and it was
 []


Underfull \hbox (badness 10000) in paragraph at lines 172--176

 []


Underfull \hbox (badness 6016) in paragraph at lines 172--176
\T1/ptm/m/n/10.95 (+20) While us-ing em-bed-dings gen-er-ated by the
 []


Underfull \hbox (badness 10000) in paragraph at lines 172--176
\T1/zi4/m/n/10.95 sentence-transformers/all-MiniLM-L6-v2
 []


Underfull \hbox (badness 1755) in paragraph at lines 172--176
\T1/ptm/m/n/10.95 (+20) a macro F1-score of 0.57 on the val-i-da-tion
 []

<images/training_loss.png, id=137, 578.16pt x 433.62pt>
File: images/training_loss.png Graphic file (type png)
<use images/training_loss.png>
Package pdftex.def Info: images/training_loss.png  used on input line 183.
(pdftex.def)             Requested size: 204.85846pt x 153.64174pt.

Underfull \hbox (badness 10000) in paragraph at lines 177--188
\T1/zi4/m/n/10.95 sentence-transformers/all-MiniLM-L6-v2
 []


Underfull \hbox (badness 10000) in paragraph at lines 177--188

 []


Underfull \hbox (badness 10000) in paragraph at lines 177--188
\T1/ptm/m/n/10.95 (+20) There were four pa-ram-e-ters to con-fig-ure
 []


Underfull \hbox (badness 2269) in paragraph at lines 177--188
\T1/ptm/m/n/10.95 (+20) tum, the num-ber of epochs, and the batch
 []


Underfull \hbox (badness 1939) in paragraph at lines 177--188
\T1/ptm/m/n/10.95 (+20) con-ducted over the com-bi-na-tions of train-ing
 []


Underfull \hbox (badness 10000) in paragraph at lines 177--188
\T1/zi4/m/n/10.95 sentence-transformers/all-MiniLM-L6-v2
 []


Underfull \hbox (badness 10000) in paragraph at lines 177--188

 []


Underfull \hbox (badness 1242) in paragraph at lines 177--188
\T1/ptm/m/n/10.95 (+20) To vi-su-al-ize the ef-fec-tive-ness of the train-ing
 []


Underfull \hbox (badness 10000) in paragraph at lines 177--188

 []


Underfull \hbox (badness 1221) in paragraph at lines 177--188
\T1/ptm/m/n/10.95 (+20) To fur-ther en-sure proper model train-ing, the
 []

<images/validation_nn_emotion_confusion_matrix_combined.png, id=140, 578.16pt x
 433.62pt>
File: images/validation_nn_emotion_confusion_matrix_combined.png Graphic file (
type png)
<use images/validation_nn_emotion_confusion_matrix_combined.png>
Package pdftex.def Info: images/validation_nn_emotion_confusion_matrix_combined
.png  used on input line 212.
(pdftex.def)             Requested size: 204.85846pt x 153.64174pt.

Underfull \hbox (badness 10000) in paragraph at lines 189--216

 []


LaTeX Warning: `h' float specifier changed to `ht'.

[4 <./images/training_loss.png>]
<images/emotion_counts_by_release_decade.png, id=154, 578.16pt x 433.62pt>
File: images/emotion_counts_by_release_decade.png Graphic file (type png)
<use images/emotion_counts_by_release_decade.png>
Package pdftex.def Info: images/emotion_counts_by_release_decade.png  used on i
nput line 241.
(pdftex.def)             Requested size: 204.85846pt x 153.64174pt.
<images/emotion_counts_by_country.png, id=156, 578.16pt x 433.62pt>
File: images/emotion_counts_by_country.png Graphic file (type png)
<use images/emotion_counts_by_country.png>
Package pdftex.def Info: images/emotion_counts_by_country.png  used on input li
ne 249.
(pdftex.def)             Requested size: 204.85846pt x 153.64174pt.
<images/emotion_counts_by_genre.png, id=158, 722.7pt x 867.24pt>
File: images/emotion_counts_by_genre.png Graphic file (type png)
<use images/emotion_counts_by_genre.png>
Package pdftex.def Info: images/emotion_counts_by_genre.png  used on input line
 257.
(pdftex.def)             Requested size: 204.85846pt x 245.82944pt.
<images/average_likes_per_emotion.png, id=160, 578.16pt x 433.62pt>
File: images/average_likes_per_emotion.png Graphic file (type png)
<use images/average_likes_per_emotion.png>
Package pdftex.def Info: images/average_likes_per_emotion.png  used on input li
ne 265.
(pdftex.def)             Requested size: 204.85846pt x 153.64174pt.

Underfull \hbox (badness 10000) in paragraph at lines 217--269

 []


Underfull \hbox (badness 1527) in paragraph at lines 217--269
\T1/ptm/m/n/10.95 (+20) As ex-pected, hap-pi-ness was the most preva-
 []


Underfull \hbox (badness 1448) in paragraph at lines 217--269
\T1/ptm/m/n/10.95 (+20) emo-tion, which also makes sense be-cause a
 []


Underfull \hbox (badness 3158) in paragraph at lines 217--269
\T1/ptm/m/n/10.95 (+20) which nat-u-rally con-tain an el-e-ment of sad-
 []


Underfull \hbox (badness 10000) in paragraph at lines 217--269

 []


Underfull \hbox (badness 5475) in paragraph at lines 217--269
\T1/ptm/m/n/10.95 (+20) Beyond the raw counts, the emo-tions ex-
 []


Underfull \hbox (badness 10000) in paragraph at lines 217--269

 []


Underfull \hbox (badness 1163) in paragraph at lines 217--269
\T1/ptm/m/n/10.95 (+20) In [][]Fig-ure 5.3[][], movies were strat-i-fied by the

 []


Underfull \hbox (badness 10000) in paragraph at lines 217--269

 []


Underfull \hbox (badness 1221) in paragraph at lines 217--269
\T1/ptm/m/n/10.95 (+20) was fear, and the most com-mon emo-tion in
 []


Underfull \hbox (badness 10000) in paragraph at lines 217--269

 []


Underfull \hbox (badness 2744) in paragraph at lines 217--269
\T1/ptm/m/n/10.95 (+20) On Let-ter-boxd, users are also able to like
 []


LaTeX Warning: `h' float specifier changed to `ht'.

[5 <./images/validation_nn_emotion_confusion_matrix_combined.png> <./images/emo
tion_counts_by_release_decade.png> <./images/emotion_counts_by_country.png>]
Underfull \hbox (badness 10000) in paragraph at lines 270--272

 []


Underfull \hbox (badness 1622) in paragraph at lines 270--272
\T1/ptm/m/n/10.95 (+20) Our anal-y-sis re-vealed that re-views most fre-
 []


Underfull \hbox (badness 1019) in paragraph at lines 270--272
\T1/ptm/m/n/10.95 (+20) quently con-veyed hap-pi-ness and sad-ness, but
 []


Underfull \hbox (badness 3482) in paragraph at lines 270--272
\T1/ptm/m/n/10.95 (+20) of emo-tions ex-pressed in re-views re-mained
 []


Underfull \hbox (badness 10000) in paragraph at lines 273--275

 []


Underfull \hbox (badness 3000) in paragraph at lines 273--275
\T1/ptm/m/n/10.95 (+20) The de-vel-op-ment of the neu-ral net-work ar-
 []


Underfull \hbox (badness 10000) in paragraph at lines 276--278

 []


Underfull \hbox (badness 1178) in paragraph at lines 276--278
\T1/ptm/m/n/10.95 (+20) The emo-tion pat-terns can be fur-ther gen-er-al-
 []

(./paper.bbl [6 <./images/emotion_counts_by_genre.png> <./images/average_likes_
per_emotion.png>]
LaTeX Font Info:    External font `cmex10' loaded for size
(Font)              <7> on input line 8.
LaTeX Font Info:    External font `cmex10' loaded for size
(Font)              <5> on input line 8.

Underfull \hbox (badness 10000) in paragraph at lines 6--10
\T1/zi4/m/n/10 google . com / machine-[]learning / crash-[]course /
 []


Underfull \hbox (badness 10000) in paragraph at lines 18--22
\T1/zi4/m/n/10 sentence-[]transformers / all-[]MiniLM-[]L6-[]v2$[][]\T1/ptm/m/n
/10 (+20) .
 []


Underfull \hbox (badness 10000) in paragraph at lines 32--36
\T1/zi4/m/n/10 promptlayer . com / models / ekmanclassifier$[][]\T1/ptm/m/n/10 
(+20) .
 []


Underfull \hbox (badness 10000) in paragraph at lines 38--42
[]\T1/ptm/m/n/10 (+20) Arpan Ghoshal. 2022.  Ek-man-clas-sifer.
 []


Underfull \hbox (badness 10000) in paragraph at lines 38--42
[][]$\T1/zi4/m/n/10 https : / / huggingface . co / arpanghoshal /
 []


Underfull \hbox (badness 10000) in paragraph at lines 44--49
[]\T1/ptm/m/n/10 (+20) Saif Mo-ham-mad.  Meta-cor-pus.  [][]$\T1/zi4/m/n/10 htt
ps :
 []


Underfull \hbox (badness 10000) in paragraph at lines 44--49
\T1/zi4/m/n/10 / / socialmediaie . github . io / MetaCorpus / # :
 []


Underfull \hbox (badness 10000) in paragraph at lines 44--49
\T1/zi4/m/n/10 ~ : text = Hashtag % 20Emotion % 20Corpus % 20(aka %
 []


Underfull \hbox (badness 10000) in paragraph at lines 44--49
\T1/zi4/m/n/10 20Twitter % 20Emotion % 20Corpus ,[] %20or % 20TEC)$[][]\T1/ptm/
m/n/10 (+20) .
 []


Underfull \hbox (badness 1127) in paragraph at lines 66--71
[]\T1/ptm/m/n/10 (+20) Dave Vis. 2025.  Of-fi-cial top 250 nar-ra-tive fea-
 []

) [7

] (./paper.aux)
 ***********
LaTeX2e <2023-11-01> patch level 1
L3 programming layer <2024-02-20>
 ***********


LaTeX Warning: There were undefined references.

Package rerunfilecheck Info: File `paper.out' has not changed.
(rerunfilecheck)             Checksum: 221E428EA490225F817C0BCED0F4C81F;1987.
 ) 
Here is how much of TeX's memory you used:
 14108 strings out of 474116
 228948 string characters out of 5743683
 1951187 words of memory out of 5000000
 36040 multiletter control sequences out of 15000+600000
 593314 words of font info for 200 fonts, out of 8000000 for 9000
 1141 hyphenation exceptions out of 8191
 90i,10n,93p,1002b,454s stack positions out of 10000i,1000n,20000p,200000b,200000s
</usr/local/texlive/2024/texmf-dist/fonts/type1/public/inconsolata/Inconsolat
a-zi4r.pfb></usr/local/texlive/2024/texmf-dist/fonts/type1/urw/times/utmb8a.pfb
></usr/local/texlive/2024/texmf-dist/fonts/type1/urw/times/utmr8a.pfb></usr/loc
al/texlive/2024/texmf-dist/fonts/type1/urw/times/utmri8a.pfb>
Output written on paper.pdf (7 pages, 350447 bytes).
PDF statistics:
 244 PDF objects out of 1000 (max. 8388607)
 208 compressed objects within 3 object streams
 50 named destinations out of 1000 (max. 500000)
 36009 words of extra memory for PDF output out of 42996 (max. 10000000)

